Using TensorFlow backend.
F
======================================================================
FAIL: test_01_create_dictionary (hw08_neural_networks.test_neural_networks.TestNeuralNetworks)
Tests whether vocabulary dictionary is created correctly.
----------------------------------------------------------------------
Traceback (most recent call last):
  File .../tmp_repositories/abgabe/hw08_neural_networks/The_butterflies/src/hw08_neural_networks/test_neural_networks.py", line 14, in test_01_create_dictionary
    self.assertEqual(word_to_id, {get_data.UNKNOWN_TOKEN:0, "cat":1, "dog":2})
AssertionError: None != {'<unk>': 0, 'cat': 1, 'dog': 2}

----------------------------------------------------------------------
Ran 1 test in 0.001s

FAILED (failures=1)
Using TensorFlow backend.
F
======================================================================
FAIL: test_02_to_ids (hw08_neural_networks.test_neural_networks.TestNeuralNetworks)
Tests whether words are mapped correctly.
----------------------------------------------------------------------
Traceback (most recent call last):
  File .../tmp_repositories/abgabe/hw08_neural_networks/The_butterflies/src/hw08_neural_networks/test_neural_networks.py", line 21, in test_02_to_ids
    self.assertEqual(mapped_expected, mapped_texts)
AssertionError: Lists differ: [[1, 0, 2], [2, 0, 1], [2, 0, 1, 0, 0], [1, 0, 0, 0]] != [None, None, None, None]

First differing element 0:
[1, 0, 2]
None

- [[1, 0, 2], [2, 0, 1], [2, 0, 1, 0, 0], [1, 0, 0, 0]]
+ [None, None, None, None]

----------------------------------------------------------------------
Ran 1 test in 0.001s

FAILED (failures=1)
Using TensorFlow backend.
F
======================================================================
FAIL: test_03_rnn_training (hw08_neural_networks.test_neural_networks.TestNeuralNetworks)
Tests whether rnns is trained and evaluated correctly.
----------------------------------------------------------------------
Traceback (most recent call last):
  File .../tmp_repositories/abgabe/hw08_neural_networks/The_butterflies/src/hw08_neural_networks/test_neural_networks.py", line 28, in test_03_rnn_training
    assert False, 'Solve Task 3: Pad sequences, add layers to the model, compile and fit'
AssertionError: Solve Task 3: Pad sequences, add layers to the model, compile and fit

----------------------------------------------------------------------
Ran 1 test in 9.205s

FAILED (failures=1)
Using TensorFlow backend.
F
======================================================================
FAIL: test_04_cnn_training (hw08_neural_networks.test_neural_networks.TestNeuralNetworks)
Tests whether cnn is trained and evaluated correctly.
----------------------------------------------------------------------
Traceback (most recent call last):
  File .../tmp_repositories/abgabe/hw08_neural_networks/The_butterflies/src/hw08_neural_networks/test_neural_networks.py", line 40, in test_04_cnn_training
    assert False, 'Solve Task 4: Pad sequences, add layers to the model, compile and fit'
AssertionError: Solve Task 4: Pad sequences, add layers to the model, compile and fit

----------------------------------------------------------------------
Ran 1 test in 9.233s

FAILED (failures=1)
F
======================================================================
FAIL: test_01_create_dictionary (hw08_neural_networks.hidden_test_neural_networks.TestNeuralNetworksHidden)
Tests whether vocabulary dictionary is created correctly.
----------------------------------------------------------------------
Traceback (most recent call last):
  File .../tmp_repositories/abgabe/hw08_neural_networks/The_butterflies/src/hw08_neural_networks/hidden_test_neural_networks.py", line 13, in test_01_create_dictionary
    self.assertEqual(word_to_id, {get_data.UNKNOWN_TOKEN:0, "x":1, "z":2, "a":3})
AssertionError: None != {'<unk>': 0, 'x': 1, 'z': 2, 'a': 3}

----------------------------------------------------------------------
Ran 1 test in 0.001s

FAILED (failures=1)
F
======================================================================
FAIL: test_02_to_ids (hw08_neural_networks.hidden_test_neural_networks.TestNeuralNetworksHidden)
Tests whether words are mapped correctly.
----------------------------------------------------------------------
Traceback (most recent call last):
  File .../tmp_repositories/abgabe/hw08_neural_networks/The_butterflies/src/hw08_neural_networks/hidden_test_neural_networks.py", line 20, in test_02_to_ids
    self.assertEqual(mapped_expected, mapped_texts)
AssertionError: Lists differ: [[1, 2, 0], [1, 1, 1, 2, 3], [3, 0, 2]] != [None, None, None]

First differing element 0:
[1, 2, 0]
None

- [[1, 2, 0], [1, 1, 1, 2, 3], [3, 0, 2]]
+ [None, None, None]

----------------------------------------------------------------------
Ran 1 test in 0.001s

FAILED (failures=1)
