.
----------------------------------------------------------------------
Ran 1 test in 0.001s

OK
.
----------------------------------------------------------------------
Ran 1 test in 0.002s

OK
.
----------------------------------------------------------------------
Ran 1 test in 0.020s

OK
.
----------------------------------------------------------------------
Ran 1 test in 0.001s

OK
.
----------------------------------------------------------------------
Ran 1 test in 0.001s

OK
.
----------------------------------------------------------------------
Ran 1 test in 0.012s

OK
.
----------------------------------------------------------------------
Ran 1 test in 120.666s

OK

prec, rec, f_score
0.8056351480420249 0.4762421252823012 0.5986179848725371
